adder
african
afro
agama
alligator
american
and
anole
asian
asp
austro
big
blind
boa
box
burrowing
caiman
casquehead
chameleon
cobra
collared
common
coral
crocodile
dwarf
earless
false
gavial
gecko
gila
glass
ground
horned
iguana
iguanid
knob
lacertid
leatherback
legless
leopard
lizard
madagascan
madagascar
mamba
mauritius
mexican
monitor
monster
mud
neotropical
night
old
pignose
pipe
pitviper
plated
pond
primitive
python
rattle
rattlesnake
river
sand
sea
shield
shorthead
skink
slender
snake
snapping
softshell
spectacled
spinytail
stiletto
sunbeam
tegu
thread
tortoise
true
tuatara
turtle
typical
viper
wart
whiptail
wood
world
worm
