anyphaenid
araneomorph
araneomorphae
armored
baboon
baldlegged
bellied
black
brown
casting
cave
clawed
cobweb
coneweb
cork
crab
crevice
daddy
dark
disc
dwarf
false
flat
folding
footed
funnel
ground
hackled
hunter
hunting
huntsman
intertidal
jawed
jumping
kimura
lampshade
large
legged
legs
lid
liocranid
long
lynx
midget
money
nest
net
nursery
orb
palp
pelican
philodromid
pirate
purse
ray
recluse
sac
segmented
sheet
shield
spider
spinneret
spitting
spurred
tangled
tarantula
trapdoor
tree
tropical
trunk
tubeweb
velvet
venomous
violin
wafer
wall
weaver
web
widow
wolf
woodlouse
